C:\Program Files\Microsoft Visual Studio\2022\Community\MSBuild\Microsoft\VC\v170\Microsoft.CppBuild.targets(531,5): warning MSB8028: Le répertoire intermédiaire (x64\Debug\) contient des fichiers partagés provenant d'un autre projet (SPOYO2.vcxproj). Cela peut entraîner un comportement de nettoyage et de regénération incorrect.
  main.c
C:\Users\icela\Documents\Code\La Horde\PB1\Code\C\Staroids\main.c(51,5): warning C4013: 'srand' non défini(e) ; extern retournant int pris par défaut
C:\Users\icela\Documents\Code\La Horde\PB1\Code\C\Staroids\main.c(108,22): warning C4133: 'fonction' : types incompatibles - de 'sfRenderWindow *' à 'sfWindow *'
C:\Users\icela\Documents\Code\La Horde\PB1\Code\C\Staroids\main.c(150,31): warning C4013: 'rand' non défini(e) ; extern retournant int pris par défaut
C:\Users\icela\Documents\Code\La Horde\PB1\Code\C\Staroids\main.c(153,52): warning C4244: '=' : conversion de 'int' en 'float', perte possible de données
C:\Users\icela\Documents\Code\La Horde\PB1\Code\C\Staroids\main.c(158,52): warning C4244: '=' : conversion de 'int' en 'float', perte possible de données
C:\Users\icela\Documents\Code\La Horde\PB1\Code\C\Staroids\main.c(161,52): warning C4244: '=' : conversion de 'int' en 'float', perte possible de données
C:\Users\icela\Documents\Code\La Horde\PB1\Code\C\Staroids\main.c(166,52): warning C4244: '=' : conversion de 'int' en 'float', perte possible de données
C:\Users\icela\Documents\Code\La Horde\PB1\Code\C\Staroids\main.c(173,28): warning C4244: '=' : conversion de 'double' en 'float', perte possible de données
C:\Users\icela\Documents\Code\La Horde\PB1\Code\C\Staroids\main.c(187,44): warning C4244: 'fonction' : conversion de 'double' en 'float', perte possible de données
C:\Users\icela\Documents\Code\La Horde\PB1\Code\C\Staroids\main.c(188,44): warning C4244: 'fonction' : conversion de 'double' en 'float', perte possible de données
C:\Users\icela\Documents\Code\La Horde\PB1\Code\C\Staroids\main.c(205,17): warning C4244: '=' : conversion de 'double' en 'float', perte possible de données
C:\Users\icela\Documents\Code\La Horde\PB1\Code\C\Staroids\main.c(264,56): warning C4244: '=' : conversion de 'int' en 'float', perte possible de données
C:\Users\icela\Documents\Code\La Horde\PB1\Code\C\Staroids\main.c(269,56): warning C4244: '=' : conversion de 'int' en 'float', perte possible de données
C:\Users\icela\Documents\Code\La Horde\PB1\Code\C\Staroids\main.c(272,56): warning C4244: '=' : conversion de 'int' en 'float', perte possible de données
C:\Users\icela\Documents\Code\La Horde\PB1\Code\C\Staroids\main.c(277,56): warning C4244: '=' : conversion de 'int' en 'float', perte possible de données
C:\Users\icela\Documents\Code\La Horde\PB1\Code\C\Staroids\main.c(284,32): warning C4244: '=' : conversion de 'double' en 'float', perte possible de données
C:\Users\icela\Documents\Code\La Horde\PB1\Code\C\Staroids\main.c(300,64): warning C4244: 'fonction' : conversion de 'double' en 'float', perte possible de données
C:\Users\icela\Documents\Code\La Horde\PB1\Code\C\Staroids\main.c(300,93): warning C4244: 'fonction' : conversion de 'double' en 'float', perte possible de données
  SPOYO2.vcxproj -> C:\Users\icela\Documents\Code\La Horde\PB1\Code\C\Staroids\x64\Debug\Staroids.exe
